\BOOKMARK [0][-]{chapter.1}{Contents}{}% 1
\BOOKMARK [1][-]{section.1.1}{Introduction}{chapter.1}% 2
\BOOKMARK [1][-]{section.1.2}{Licensing}{chapter.1}% 3
\BOOKMARK [1][-]{section.1.3}{The stingray Package}{chapter.1}% 4
\BOOKMARK [1][-]{section.1.4}{Cell Module \205 Data Element Containers and Conversions}{chapter.1}% 5
\BOOKMARK [1][-]{section.1.5}{Sheet Module \205 Sheet and Row Access}{chapter.1}% 6
\BOOKMARK [1][-]{section.1.6}{Schema Package \205 Schema and Attribute Definitions}{chapter.1}% 7
\BOOKMARK [1][-]{section.1.7}{Schema Loader Module \205 Load Embedded or External Schema}{chapter.1}% 8
\BOOKMARK [1][-]{section.1.8}{Workbook Package \205 Uniform Wrappers for Workbooks}{chapter.1}% 9
\BOOKMARK [1][-]{section.1.9}{The iWork `13 Numbers Modules}{chapter.1}% 10
\BOOKMARK [1][-]{section.1.10}{The COBOL Package}{chapter.1}% 11
\BOOKMARK [1][-]{section.1.11}{The Stingray Developer's Guide}{chapter.1}% 12
\BOOKMARK [1][-]{section.1.12}{Stingray Demo Applications}{chapter.1}% 13
\BOOKMARK [1][-]{section.1.13}{History}{chapter.1}% 14
\BOOKMARK [1][-]{section.1.14}{Testing}{chapter.1}% 15
\BOOKMARK [1][-]{section.1.15}{Stingray Build}{chapter.1}% 16
\BOOKMARK [1][-]{section.1.16}{Installation via setup.py}{chapter.1}% 17
\BOOKMARK [0][-]{chapter.2}{License}{}% 18
\BOOKMARK [0][-]{chapter.3}{The TODO List}{}% 19
\BOOKMARK [0][-]{chapter.4}{Indices and Tables}{}% 20
\BOOKMARK [0][-]{section*.341}{Python Module Index}{}% 21
